<?xml version="1.0" encoding="UTF-8"?>
<!-- Generated by org.testng.reporters.JUnitXMLReporter -->
<testsuite hostname="VBegari" ignored="0" name="Default samp mod" tests="3" failures="1" timestamp="12 Jul 2019 10:12:40 GMT" time="39.465" errors="0">
  <testcase name="reg_click" time="1.437" classname="testng_pack.Test1"/>
  <testcase name="signon_click" time="1.695" classname="testng_pack.Test2"/>
  <testcase name="flight_click" time="1.215" classname="testng_pack.Test3">
    <failure type="java.lang.AssertionError" message="expected [Find a Flight: Mercury Tours:3] but found [Find a Flight: Mercury Tours:]">
      <![CDATA[java.lang.AssertionError: expected [Find a Flight: Mercury Tours:3] but found [Find a Flight: Mercury Tours:]
at testng_pack.Test3.flight_click(Test3.java:22)
... Removed 31 stack frames]]>
    </failure>
  </testcase> <!-- flight_click -->
</testsuite> <!-- Default samp mod -->
